<?xml version="1.0" encoding="UTF-8"?>
<coverage generated="1702756496955" clover="3.2.0">
  <project timestamp="1702756496955" name="All files">
    <metrics statements="155" coveredstatements="155" conditionals="40" coveredconditionals="38" methods="4" coveredmethods="4" elements="199" coveredelements="197" complexity="0" loc="155" ncloc="155" packages="1" files="1" classes="1"/>
    <file name="main.ts" path="/Users/alex/repo/fast-check-idtlt-schema/src/main.ts">
      <metrics statements="155" coveredstatements="155" conditionals="40" coveredconditionals="38" methods="4" coveredmethods="4"/>
      <line num="1" count="1" type="stmt"/>
      <line num="2" count="1" type="stmt"/>
      <line num="3" count="1" type="stmt"/>
      <line num="4" count="248" type="cond" truecount="1" falsecount="0"/>
      <line num="5" count="248" type="stmt"/>
      <line num="6" count="248" type="stmt"/>
      <line num="7" count="248" type="stmt"/>
      <line num="8" count="248" type="cond" truecount="1" falsecount="0"/>
      <line num="9" count="1" type="stmt"/>
      <line num="10" count="1" type="stmt"/>
      <line num="11" count="248" type="stmt"/>
      <line num="12" count="248" type="cond" truecount="1" falsecount="0"/>
      <line num="13" count="1" type="stmt"/>
      <line num="14" count="1" type="stmt"/>
      <line num="15" count="248" type="stmt"/>
      <line num="16" count="248" type="cond" truecount="1" falsecount="0"/>
      <line num="17" count="19" type="stmt"/>
      <line num="18" count="19" type="stmt"/>
      <line num="19" count="248" type="stmt"/>
      <line num="20" count="248" type="cond" truecount="1" falsecount="0"/>
      <line num="21" count="129" type="cond" truecount="1" falsecount="0"/>
      <line num="22" count="96" type="cond" truecount="1" falsecount="0"/>
      <line num="23" count="33" type="cond" truecount="1" falsecount="0"/>
      <line num="24" count="129" type="stmt"/>
      <line num="25" count="129" type="stmt"/>
      <line num="26" count="129" type="stmt"/>
      <line num="27" count="129" type="stmt"/>
      <line num="28" count="248" type="stmt"/>
      <line num="29" count="248" type="cond" truecount="1" falsecount="0"/>
      <line num="30" count="2" type="stmt"/>
      <line num="31" count="2" type="stmt"/>
      <line num="32" count="248" type="stmt"/>
      <line num="33" count="248" type="cond" truecount="1" falsecount="0"/>
      <line num="34" count="25" type="stmt"/>
      <line num="35" count="25" type="stmt"/>
      <line num="36" count="25" type="stmt"/>
      <line num="37" count="25" type="stmt"/>
      <line num="38" count="248" type="stmt"/>
      <line num="39" count="248" type="cond" truecount="2" falsecount="0"/>
      <line num="40" count="42" type="stmt"/>
      <line num="41" count="42" type="cond" truecount="1" falsecount="0"/>
      <line num="42" count="42" type="stmt"/>
      <line num="43" count="42" type="stmt"/>
      <line num="44" count="42" type="stmt"/>
      <line num="45" count="42" type="stmt"/>
      <line num="46" count="248" type="stmt"/>
      <line num="47" count="248" type="cond" truecount="1" falsecount="0"/>
      <line num="48" count="7" type="stmt"/>
      <line num="49" count="7" type="stmt"/>
      <line num="50" count="7" type="stmt"/>
      <line num="51" count="7" type="stmt"/>
      <line num="52" count="248" type="stmt"/>
      <line num="53" count="248" type="cond" truecount="1" falsecount="0"/>
      <line num="54" count="3" type="stmt"/>
      <line num="55" count="3" type="stmt"/>
      <line num="56" count="248" type="stmt"/>
      <line num="57" count="248" type="cond" truecount="1" falsecount="0"/>
      <line num="58" count="6" type="cond" truecount="0" falsecount="1"/>
      <line num="59" count="6" type="stmt"/>
      <line num="60" count="6" type="stmt"/>
      <line num="61" count="6" type="stmt"/>
      <line num="62" count="6" type="stmt"/>
      <line num="63" count="248" type="stmt"/>
      <line num="64" count="248" type="cond" truecount="1" falsecount="0"/>
      <line num="65" count="11" type="stmt"/>
      <line num="66" count="11" type="stmt"/>
      <line num="67" count="11" type="stmt"/>
      <line num="68" count="11" type="stmt"/>
      <line num="69" count="248" type="stmt"/>
      <line num="70" count="248" type="cond" truecount="1" falsecount="0"/>
      <line num="71" count="2" type="stmt"/>
      <line num="72" count="2" type="stmt"/>
      <line num="73" count="248" type="stmt"/>
      <line num="74" count="248" type="stmt"/>
      <line num="75" count="1" type="stmt"/>
      <line num="76" count="248" type="cond" truecount="1" falsecount="0"/>
      <line num="77" count="248" type="stmt"/>
      <line num="78" count="248" type="stmt"/>
      <line num="79" count="248" type="cond" truecount="1" falsecount="0"/>
      <line num="80" count="49" type="stmt"/>
      <line num="81" count="248" type="cond" truecount="2" falsecount="0"/>
      <line num="82" count="1" type="stmt"/>
      <line num="83" count="1" type="cond" truecount="1" falsecount="0"/>
      <line num="84" count="198" type="stmt"/>
      <line num="85" count="198" type="stmt"/>
      <line num="86" count="198" type="stmt"/>
      <line num="87" count="1" type="stmt"/>
      <line num="88" count="8" type="cond" truecount="1" falsecount="0"/>
      <line num="89" count="8" type="stmt"/>
      <line num="90" count="8" type="stmt"/>
      <line num="91" count="8" type="stmt"/>
      <line num="92" count="8" type="stmt"/>
      <line num="93" count="8" type="cond" truecount="1" falsecount="0"/>
      <line num="94" count="1" type="stmt"/>
      <line num="95" count="1" type="stmt"/>
      <line num="96" count="1" type="cond" truecount="1" falsecount="0"/>
      <line num="97" count="7" type="stmt"/>
      <line num="98" count="7" type="stmt"/>
      <line num="99" count="7" type="stmt"/>
      <line num="100" count="7" type="stmt"/>
      <line num="101" count="7" type="stmt"/>
      <line num="102" count="7" type="stmt"/>
      <line num="103" count="7" type="stmt"/>
      <line num="104" count="7" type="cond" truecount="0" falsecount="1"/>
      <line num="105" count="7" type="stmt"/>
      <line num="106" count="7" type="stmt"/>
      <line num="107" count="7" type="stmt"/>
      <line num="108" count="7" type="stmt"/>
      <line num="109" count="7" type="stmt"/>
      <line num="110" count="7" type="stmt"/>
      <line num="111" count="7" type="stmt"/>
      <line num="112" count="1" type="stmt"/>
      <line num="113" count="1" type="stmt"/>
      <line num="114" count="1" type="stmt"/>
      <line num="115" count="1" type="stmt"/>
      <line num="116" count="1" type="stmt"/>
      <line num="117" count="1" type="stmt"/>
      <line num="118" count="1" type="stmt"/>
      <line num="119" count="1" type="stmt"/>
      <line num="120" count="1" type="stmt"/>
      <line num="121" count="1" type="stmt"/>
      <line num="122" count="8" type="cond" truecount="1" falsecount="0"/>
      <line num="123" count="8" type="stmt"/>
      <line num="124" count="8" type="stmt"/>
      <line num="125" count="8" type="stmt"/>
      <line num="126" count="8" type="cond" truecount="1" falsecount="0"/>
      <line num="127" count="1" type="stmt"/>
      <line num="128" count="1" type="stmt"/>
      <line num="129" count="1" type="stmt"/>
      <line num="130" count="1" type="cond" truecount="1" falsecount="0"/>
      <line num="131" count="7" type="stmt"/>
      <line num="132" count="8" type="cond" truecount="1" falsecount="0"/>
      <line num="133" count="36" type="stmt"/>
      <line num="134" count="36" type="stmt"/>
      <line num="135" count="36" type="cond" truecount="1" falsecount="0"/>
      <line num="136" count="30" type="stmt"/>
      <line num="137" count="30" type="stmt"/>
      <line num="138" count="30" type="cond" truecount="4" falsecount="0"/>
      <line num="139" count="20" type="stmt"/>
      <line num="140" count="20" type="stmt"/>
      <line num="141" count="30" type="cond" truecount="2" falsecount="0"/>
      <line num="142" count="9" type="stmt"/>
      <line num="143" count="9" type="stmt"/>
      <line num="144" count="30" type="stmt"/>
      <line num="145" count="36" type="cond" truecount="1" falsecount="0"/>
      <line num="146" count="7" type="stmt"/>
      <line num="147" count="7" type="stmt"/>
      <line num="148" count="7" type="stmt"/>
      <line num="149" count="1" type="stmt"/>
      <line num="150" count="1" type="stmt"/>
      <line num="151" count="1" type="stmt"/>
      <line num="152" count="1" type="stmt"/>
      <line num="153" count="1" type="stmt"/>
      <line num="154" count="1" type="stmt"/>
      <line num="155" count="1" type="stmt"/>
    </file>
  </project>
</coverage>
