{
  "/Users/alex/repo/fast-check-idtlt-schema/src/main.ts": {
    "path": "/Users/alex/repo/fast-check-idtlt-schema/src/main.ts",
    "all": false,
    "statementMap": {
      "0": {
        "start": { "line": 1, "column": 0 },
        "end": { "line": 1, "column": 42 }
      },
      "1": {
        "start": { "line": 2, "column": 0 },
        "end": { "line": 2, "column": 137 }
      },
      "2": {
        "start": { "line": 3, "column": 0 },
        "end": { "line": 3, "column": 0 }
      },
      "3": {
        "start": { "line": 4, "column": 0 },
        "end": { "line": 4, "column": 83 }
      },
      "4": {
        "start": { "line": 5, "column": 0 },
        "end": { "line": 5, "column": 49 }
      },
      "5": {
        "start": { "line": 6, "column": 0 },
        "end": { "line": 6, "column": 0 }
      },
      "6": {
        "start": { "line": 7, "column": 0 },
        "end": { "line": 7, "column": 17 }
      },
      "7": {
        "start": { "line": 8, "column": 0 },
        "end": { "line": 8, "column": 43 }
      },
      "8": {
        "start": { "line": 9, "column": 0 },
        "end": { "line": 9, "column": 66 }
      },
      "9": {
        "start": { "line": 10, "column": 0 },
        "end": { "line": 10, "column": 5 }
      },
      "10": {
        "start": { "line": 11, "column": 0 },
        "end": { "line": 11, "column": 0 }
      },
      "11": {
        "start": { "line": 12, "column": 0 },
        "end": { "line": 12, "column": 48 }
      },
      "12": {
        "start": { "line": 13, "column": 0 },
        "end": { "line": 13, "column": 71 }
      },
      "13": {
        "start": { "line": 14, "column": 0 },
        "end": { "line": 14, "column": 5 }
      },
      "14": {
        "start": { "line": 15, "column": 0 },
        "end": { "line": 15, "column": 0 }
      },
      "15": {
        "start": { "line": 16, "column": 0 },
        "end": { "line": 16, "column": 45 }
      },
      "16": {
        "start": { "line": 17, "column": 0 },
        "end": { "line": 17, "column": 57 }
      },
      "17": {
        "start": { "line": 18, "column": 0 },
        "end": { "line": 18, "column": 5 }
      },
      "18": {
        "start": { "line": 19, "column": 0 },
        "end": { "line": 19, "column": 0 }
      },
      "19": {
        "start": { "line": 20, "column": 0 },
        "end": { "line": 20, "column": 45 }
      },
      "20": {
        "start": { "line": 21, "column": 0 },
        "end": { "line": 21, "column": 50 }
      },
      "21": {
        "start": { "line": 22, "column": 0 },
        "end": { "line": 22, "column": 21 }
      },
      "22": {
        "start": { "line": 23, "column": 0 },
        "end": { "line": 23, "column": 45 }
      },
      "23": {
        "start": { "line": 24, "column": 0 },
        "end": { "line": 24, "column": 39 }
      },
      "24": {
        "start": { "line": 25, "column": 0 },
        "end": { "line": 25, "column": 0 }
      },
      "25": {
        "start": { "line": 26, "column": 0 },
        "end": { "line": 26, "column": 16 }
      },
      "26": {
        "start": { "line": 27, "column": 0 },
        "end": { "line": 27, "column": 5 }
      },
      "27": {
        "start": { "line": 28, "column": 0 },
        "end": { "line": 28, "column": 0 }
      },
      "28": {
        "start": { "line": 29, "column": 0 },
        "end": { "line": 29, "column": 46 }
      },
      "29": {
        "start": { "line": 30, "column": 0 },
        "end": { "line": 30, "column": 57 }
      },
      "30": {
        "start": { "line": 31, "column": 0 },
        "end": { "line": 31, "column": 5 }
      },
      "31": {
        "start": { "line": 32, "column": 0 },
        "end": { "line": 32, "column": 4 }
      },
      "32": {
        "start": { "line": 33, "column": 0 },
        "end": { "line": 33, "column": 49 }
      },
      "33": {
        "start": { "line": 34, "column": 0 },
        "end": { "line": 34, "column": 59 }
      },
      "34": {
        "start": { "line": 35, "column": 0 },
        "end": { "line": 35, "column": 0 }
      },
      "35": {
        "start": { "line": 36, "column": 0 },
        "end": { "line": 36, "column": 71 }
      },
      "36": {
        "start": { "line": 37, "column": 0 },
        "end": { "line": 37, "column": 5 }
      },
      "37": {
        "start": { "line": 38, "column": 0 },
        "end": { "line": 38, "column": 0 }
      },
      "38": {
        "start": { "line": 39, "column": 0 },
        "end": { "line": 39, "column": 86 }
      },
      "39": {
        "start": { "line": 40, "column": 0 },
        "end": { "line": 40, "column": 39 }
      },
      "40": {
        "start": { "line": 41, "column": 0 },
        "end": { "line": 41, "column": 91 }
      },
      "41": {
        "start": { "line": 42, "column": 0 },
        "end": { "line": 42, "column": 7 }
      },
      "42": {
        "start": { "line": 43, "column": 0 },
        "end": { "line": 43, "column": 0 }
      },
      "43": {
        "start": { "line": 44, "column": 0 },
        "end": { "line": 44, "column": 61 }
      },
      "44": {
        "start": { "line": 45, "column": 0 },
        "end": { "line": 45, "column": 5 }
      },
      "45": {
        "start": { "line": 46, "column": 0 },
        "end": { "line": 46, "column": 0 }
      },
      "46": {
        "start": { "line": 47, "column": 0 },
        "end": { "line": 47, "column": 44 }
      },
      "47": {
        "start": { "line": 48, "column": 0 },
        "end": { "line": 48, "column": 54 }
      },
      "48": {
        "start": { "line": 49, "column": 0 },
        "end": { "line": 49, "column": 0 }
      },
      "49": {
        "start": { "line": 50, "column": 0 },
        "end": { "line": 50, "column": 65 }
      },
      "50": {
        "start": { "line": 51, "column": 0 },
        "end": { "line": 51, "column": 5 }
      },
      "51": {
        "start": { "line": 52, "column": 0 },
        "end": { "line": 52, "column": 0 }
      },
      "52": {
        "start": { "line": 53, "column": 0 },
        "end": { "line": 53, "column": 49 }
      },
      "53": {
        "start": { "line": 54, "column": 0 },
        "end": { "line": 54, "column": 102 }
      },
      "54": {
        "start": { "line": 55, "column": 0 },
        "end": { "line": 55, "column": 5 }
      },
      "55": {
        "start": { "line": 56, "column": 0 },
        "end": { "line": 56, "column": 0 }
      },
      "56": {
        "start": { "line": 57, "column": 0 },
        "end": { "line": 57, "column": 44 }
      },
      "57": {
        "start": { "line": 58, "column": 0 },
        "end": { "line": 58, "column": 68 }
      },
      "58": {
        "start": { "line": 59, "column": 0 },
        "end": { "line": 59, "column": 82 }
      },
      "59": {
        "start": { "line": 60, "column": 0 },
        "end": { "line": 60, "column": 0 }
      },
      "60": {
        "start": { "line": 61, "column": 0 },
        "end": { "line": 61, "column": 76 }
      },
      "61": {
        "start": { "line": 62, "column": 0 },
        "end": { "line": 62, "column": 5 }
      },
      "62": {
        "start": { "line": 63, "column": 0 },
        "end": { "line": 63, "column": 0 }
      },
      "63": {
        "start": { "line": 64, "column": 0 },
        "end": { "line": 64, "column": 78 }
      },
      "64": {
        "start": { "line": 65, "column": 0 },
        "end": { "line": 65, "column": 53 }
      },
      "65": {
        "start": { "line": 66, "column": 0 },
        "end": { "line": 66, "column": 0 }
      },
      "66": {
        "start": { "line": 67, "column": 0 },
        "end": { "line": 67, "column": 63 }
      },
      "67": {
        "start": { "line": 68, "column": 0 },
        "end": { "line": 68, "column": 5 }
      },
      "68": {
        "start": { "line": 69, "column": 0 },
        "end": { "line": 69, "column": 0 }
      },
      "69": {
        "start": { "line": 70, "column": 0 },
        "end": { "line": 70, "column": 14 }
      },
      "70": {
        "start": { "line": 71, "column": 0 },
        "end": { "line": 71, "column": 57 }
      },
      "71": {
        "start": { "line": 72, "column": 0 },
        "end": { "line": 72, "column": 5 }
      },
      "72": {
        "start": { "line": 73, "column": 0 },
        "end": { "line": 73, "column": 3 }
      },
      "73": {
        "start": { "line": 74, "column": 0 },
        "end": { "line": 74, "column": 1 }
      },
      "74": {
        "start": { "line": 75, "column": 0 },
        "end": { "line": 75, "column": 0 }
      },
      "75": {
        "start": { "line": 76, "column": 0 },
        "end": { "line": 76, "column": 95 }
      },
      "76": {
        "start": { "line": 77, "column": 0 },
        "end": { "line": 77, "column": 39 }
      },
      "77": {
        "start": { "line": 78, "column": 0 },
        "end": { "line": 78, "column": 0 }
      },
      "78": {
        "start": { "line": 79, "column": 0 },
        "end": { "line": 79, "column": 31 }
      },
      "79": {
        "start": { "line": 80, "column": 0 },
        "end": { "line": 80, "column": 45 }
      },
      "80": {
        "start": { "line": 81, "column": 0 },
        "end": { "line": 81, "column": 38 }
      },
      "81": {
        "start": { "line": 82, "column": 0 },
        "end": { "line": 82, "column": 40 }
      },
      "82": {
        "start": { "line": 83, "column": 0 },
        "end": { "line": 83, "column": 3 }
      },
      "83": {
        "start": { "line": 84, "column": 0 },
        "end": { "line": 84, "column": 0 }
      },
      "84": {
        "start": { "line": 85, "column": 0 },
        "end": { "line": 85, "column": 12 }
      },
      "85": {
        "start": { "line": 86, "column": 0 },
        "end": { "line": 86, "column": 1 }
      },
      "86": {
        "start": { "line": 87, "column": 0 },
        "end": { "line": 87, "column": 0 }
      },
      "87": {
        "start": { "line": 88, "column": 0 },
        "end": { "line": 88, "column": 77 }
      },
      "88": {
        "start": { "line": 89, "column": 0 },
        "end": { "line": 89, "column": 67 }
      },
      "89": {
        "start": { "line": 90, "column": 0 },
        "end": { "line": 90, "column": 0 }
      },
      "90": {
        "start": { "line": 91, "column": 0 },
        "end": { "line": 91, "column": 94 }
      },
      "91": {
        "start": { "line": 92, "column": 0 },
        "end": { "line": 92, "column": 0 }
      },
      "92": {
        "start": { "line": 93, "column": 0 },
        "end": { "line": 93, "column": 26 }
      },
      "93": {
        "start": { "line": 94, "column": 0 },
        "end": { "line": 94, "column": 58 }
      },
      "94": {
        "start": { "line": 95, "column": 0 },
        "end": { "line": 95, "column": 20 }
      },
      "95": {
        "start": { "line": 96, "column": 0 },
        "end": { "line": 96, "column": 3 }
      },
      "96": {
        "start": { "line": 97, "column": 0 },
        "end": { "line": 97, "column": 0 }
      },
      "97": {
        "start": { "line": 98, "column": 0 },
        "end": { "line": 98, "column": 20 }
      },
      "98": {
        "start": { "line": 99, "column": 0 },
        "end": { "line": 99, "column": 0 }
      },
      "99": {
        "start": { "line": 100, "column": 0 },
        "end": { "line": 100, "column": 47 }
      },
      "100": {
        "start": { "line": 101, "column": 0 },
        "end": { "line": 101, "column": 56 }
      },
      "101": {
        "start": { "line": 102, "column": 0 },
        "end": { "line": 102, "column": 4 }
      },
      "102": {
        "start": { "line": 103, "column": 0 },
        "end": { "line": 103, "column": 34 }
      },
      "103": {
        "start": { "line": 104, "column": 0 },
        "end": { "line": 104, "column": 59 }
      },
      "104": {
        "start": { "line": 105, "column": 0 },
        "end": { "line": 105, "column": 0 }
      },
      "105": {
        "start": { "line": 106, "column": 0 },
        "end": { "line": 106, "column": 26 }
      },
      "106": {
        "start": { "line": 107, "column": 0 },
        "end": { "line": 107, "column": 5 }
      },
      "107": {
        "start": { "line": 108, "column": 0 },
        "end": { "line": 108, "column": 3 }
      },
      "108": {
        "start": { "line": 109, "column": 0 },
        "end": { "line": 109, "column": 0 }
      },
      "109": {
        "start": { "line": 110, "column": 0 },
        "end": { "line": 110, "column": 19 }
      },
      "110": {
        "start": { "line": 111, "column": 0 },
        "end": { "line": 111, "column": 1 }
      },
      "111": {
        "start": { "line": 112, "column": 0 },
        "end": { "line": 112, "column": 0 }
      },
      "112": {
        "start": { "line": 113, "column": 0 },
        "end": { "line": 113, "column": 63 }
      },
      "113": {
        "start": { "line": 114, "column": 0 },
        "end": { "line": 114, "column": 19 }
      },
      "114": {
        "start": { "line": 115, "column": 0 },
        "end": { "line": 115, "column": 19 }
      },
      "115": {
        "start": { "line": 116, "column": 0 },
        "end": { "line": 116, "column": 21 }
      },
      "116": {
        "start": { "line": 117, "column": 0 },
        "end": { "line": 117, "column": 20 }
      },
      "117": {
        "start": { "line": 118, "column": 0 },
        "end": { "line": 118, "column": 30 }
      },
      "118": {
        "start": { "line": 119, "column": 0 },
        "end": { "line": 119, "column": 21 }
      },
      "119": {
        "start": { "line": 120, "column": 0 },
        "end": { "line": 120, "column": 1 }
      },
      "120": {
        "start": { "line": 121, "column": 0 },
        "end": { "line": 121, "column": 0 }
      },
      "121": {
        "start": { "line": 122, "column": 0 },
        "end": { "line": 122, "column": 110 }
      },
      "122": {
        "start": { "line": 123, "column": 0 },
        "end": { "line": 123, "column": 123 }
      },
      "123": {
        "start": { "line": 124, "column": 0 },
        "end": { "line": 124, "column": 49 }
      },
      "124": {
        "start": { "line": 125, "column": 0 },
        "end": { "line": 125, "column": 0 }
      },
      "125": {
        "start": { "line": 126, "column": 0 },
        "end": { "line": 126, "column": 27 }
      },
      "126": {
        "start": { "line": 127, "column": 0 },
        "end": { "line": 127, "column": 58 }
      },
      "127": {
        "start": { "line": 128, "column": 0 },
        "end": { "line": 128, "column": 0 }
      },
      "128": {
        "start": { "line": 129, "column": 0 },
        "end": { "line": 129, "column": 24 }
      },
      "129": {
        "start": { "line": 130, "column": 0 },
        "end": { "line": 130, "column": 3 }
      },
      "130": {
        "start": { "line": 131, "column": 0 },
        "end": { "line": 131, "column": 0 }
      },
      "131": {
        "start": { "line": 132, "column": 0 },
        "end": { "line": 132, "column": 47 }
      },
      "132": {
        "start": { "line": 133, "column": 0 },
        "end": { "line": 133, "column": 78 }
      },
      "133": {
        "start": { "line": 134, "column": 0 },
        "end": { "line": 134, "column": 0 }
      },
      "134": {
        "start": { "line": 135, "column": 0 },
        "end": { "line": 135, "column": 34 }
      },
      "135": {
        "start": { "line": 136, "column": 0 },
        "end": { "line": 136, "column": 45 }
      },
      "136": {
        "start": { "line": 137, "column": 0 },
        "end": { "line": 137, "column": 0 }
      },
      "137": {
        "start": { "line": 138, "column": 0 },
        "end": { "line": 138, "column": 155 }
      },
      "138": {
        "start": { "line": 139, "column": 0 },
        "end": { "line": 139, "column": 54 }
      },
      "139": {
        "start": { "line": 140, "column": 0 },
        "end": { "line": 140, "column": 41 }
      },
      "140": {
        "start": { "line": 141, "column": 0 },
        "end": { "line": 141, "column": 46 }
      },
      "141": {
        "start": { "line": 142, "column": 0 },
        "end": { "line": 142, "column": 77 }
      },
      "142": {
        "start": { "line": 143, "column": 0 },
        "end": { "line": 143, "column": 7 }
      },
      "143": {
        "start": { "line": 144, "column": 0 },
        "end": { "line": 144, "column": 5 }
      },
      "144": {
        "start": { "line": 145, "column": 0 },
        "end": { "line": 145, "column": 3 }
      },
      "145": {
        "start": { "line": 146, "column": 0 },
        "end": { "line": 146, "column": 0 }
      },
      "146": {
        "start": { "line": 147, "column": 0 },
        "end": { "line": 147, "column": 22 }
      },
      "147": {
        "start": { "line": 148, "column": 0 },
        "end": { "line": 148, "column": 1 }
      },
      "148": {
        "start": { "line": 149, "column": 0 },
        "end": { "line": 149, "column": 0 }
      },
      "149": {
        "start": { "line": 150, "column": 0 },
        "end": { "line": 150, "column": 8 }
      },
      "150": {
        "start": { "line": 151, "column": 0 },
        "end": { "line": 151, "column": 10 }
      },
      "151": {
        "start": { "line": 152, "column": 0 },
        "end": { "line": 152, "column": 20 }
      },
      "152": {
        "start": { "line": 153, "column": 0 },
        "end": { "line": 153, "column": 21 }
      },
      "153": {
        "start": { "line": 154, "column": 0 },
        "end": { "line": 154, "column": 23 }
      },
      "154": {
        "start": { "line": 155, "column": 0 },
        "end": { "line": 155, "column": 1 }
      }
    },
    "s": {
      "0": 1,
      "1": 1,
      "2": 1,
      "3": 248,
      "4": 248,
      "5": 248,
      "6": 248,
      "7": 248,
      "8": 1,
      "9": 1,
      "10": 248,
      "11": 248,
      "12": 1,
      "13": 1,
      "14": 248,
      "15": 248,
      "16": 19,
      "17": 19,
      "18": 248,
      "19": 248,
      "20": 129,
      "21": 96,
      "22": 33,
      "23": 129,
      "24": 129,
      "25": 129,
      "26": 129,
      "27": 248,
      "28": 248,
      "29": 2,
      "30": 2,
      "31": 248,
      "32": 248,
      "33": 25,
      "34": 25,
      "35": 25,
      "36": 25,
      "37": 248,
      "38": 248,
      "39": 42,
      "40": 42,
      "41": 42,
      "42": 42,
      "43": 42,
      "44": 42,
      "45": 248,
      "46": 248,
      "47": 7,
      "48": 7,
      "49": 7,
      "50": 7,
      "51": 248,
      "52": 248,
      "53": 3,
      "54": 3,
      "55": 248,
      "56": 248,
      "57": 6,
      "58": 6,
      "59": 6,
      "60": 6,
      "61": 6,
      "62": 248,
      "63": 248,
      "64": 11,
      "65": 11,
      "66": 11,
      "67": 11,
      "68": 248,
      "69": 248,
      "70": 2,
      "71": 2,
      "72": 248,
      "73": 248,
      "74": 1,
      "75": 248,
      "76": 248,
      "77": 248,
      "78": 248,
      "79": 49,
      "80": 248,
      "81": 1,
      "82": 1,
      "83": 198,
      "84": 198,
      "85": 198,
      "86": 1,
      "87": 8,
      "88": 8,
      "89": 8,
      "90": 8,
      "91": 8,
      "92": 8,
      "93": 1,
      "94": 1,
      "95": 1,
      "96": 7,
      "97": 7,
      "98": 7,
      "99": 7,
      "100": 7,
      "101": 7,
      "102": 7,
      "103": 7,
      "104": 7,
      "105": 7,
      "106": 7,
      "107": 7,
      "108": 7,
      "109": 7,
      "110": 7,
      "111": 1,
      "112": 1,
      "113": 1,
      "114": 1,
      "115": 1,
      "116": 1,
      "117": 1,
      "118": 1,
      "119": 1,
      "120": 1,
      "121": 8,
      "122": 8,
      "123": 8,
      "124": 8,
      "125": 8,
      "126": 1,
      "127": 1,
      "128": 1,
      "129": 1,
      "130": 7,
      "131": 8,
      "132": 36,
      "133": 36,
      "134": 36,
      "135": 30,
      "136": 30,
      "137": 30,
      "138": 20,
      "139": 20,
      "140": 30,
      "141": 9,
      "142": 9,
      "143": 30,
      "144": 36,
      "145": 7,
      "146": 7,
      "147": 7,
      "148": 1,
      "149": 1,
      "150": 1,
      "151": 1,
      "152": 1,
      "153": 1,
      "154": 1
    },
    "branchMap": {
      "0": {
        "type": "branch",
        "line": 4,
        "loc": {
          "start": { "line": 4, "column": 0 },
          "end": { "line": 74, "column": 1 }
        },
        "locations": [
          {
            "start": { "line": 4, "column": 0 },
            "end": { "line": 74, "column": 1 }
          }
        ]
      },
      "1": {
        "type": "branch",
        "line": 8,
        "loc": {
          "start": { "line": 8, "column": 4 },
          "end": { "line": 10, "column": 5 }
        },
        "locations": [
          {
            "start": { "line": 8, "column": 4 },
            "end": { "line": 10, "column": 5 }
          }
        ]
      },
      "2": {
        "type": "branch",
        "line": 12,
        "loc": {
          "start": { "line": 12, "column": 4 },
          "end": { "line": 14, "column": 5 }
        },
        "locations": [
          {
            "start": { "line": 12, "column": 4 },
            "end": { "line": 14, "column": 5 }
          }
        ]
      },
      "3": {
        "type": "branch",
        "line": 16,
        "loc": {
          "start": { "line": 16, "column": 4 },
          "end": { "line": 18, "column": 5 }
        },
        "locations": [
          {
            "start": { "line": 16, "column": 4 },
            "end": { "line": 18, "column": 5 }
          }
        ]
      },
      "4": {
        "type": "branch",
        "line": 20,
        "loc": {
          "start": { "line": 20, "column": 4 },
          "end": { "line": 27, "column": 5 }
        },
        "locations": [
          {
            "start": { "line": 20, "column": 4 },
            "end": { "line": 27, "column": 5 }
          }
        ]
      },
      "5": {
        "type": "branch",
        "line": 21,
        "loc": {
          "start": { "line": 21, "column": 48 },
          "end": { "line": 22, "column": 21 }
        },
        "locations": [
          {
            "start": { "line": 21, "column": 48 },
            "end": { "line": 22, "column": 21 }
          }
        ]
      },
      "6": {
        "type": "branch",
        "line": 22,
        "loc": {
          "start": { "line": 22, "column": 20 },
          "end": { "line": 23, "column": 45 }
        },
        "locations": [
          {
            "start": { "line": 22, "column": 20 },
            "end": { "line": 23, "column": 45 }
          }
        ]
      },
      "7": {
        "type": "branch",
        "line": 29,
        "loc": {
          "start": { "line": 29, "column": 4 },
          "end": { "line": 31, "column": 5 }
        },
        "locations": [
          {
            "start": { "line": 29, "column": 4 },
            "end": { "line": 31, "column": 5 }
          }
        ]
      },
      "8": {
        "type": "branch",
        "line": 33,
        "loc": {
          "start": { "line": 33, "column": 4 },
          "end": { "line": 37, "column": 5 }
        },
        "locations": [
          {
            "start": { "line": 33, "column": 4 },
            "end": { "line": 37, "column": 5 }
          }
        ]
      },
      "9": {
        "type": "branch",
        "line": 39,
        "loc": {
          "start": { "line": 39, "column": 4 },
          "end": { "line": 45, "column": 5 }
        },
        "locations": [
          {
            "start": { "line": 39, "column": 4 },
            "end": { "line": 45, "column": 5 }
          }
        ]
      },
      "10": {
        "type": "branch",
        "line": 39,
        "loc": {
          "start": { "line": 39, "column": 33 },
          "end": { "line": 39, "column": 85 }
        },
        "locations": [
          {
            "start": { "line": 39, "column": 33 },
            "end": { "line": 39, "column": 85 }
          }
        ]
      },
      "11": {
        "type": "branch",
        "line": 47,
        "loc": {
          "start": { "line": 47, "column": 4 },
          "end": { "line": 51, "column": 5 }
        },
        "locations": [
          {
            "start": { "line": 47, "column": 4 },
            "end": { "line": 51, "column": 5 }
          }
        ]
      },
      "12": {
        "type": "branch",
        "line": 53,
        "loc": {
          "start": { "line": 53, "column": 4 },
          "end": { "line": 55, "column": 5 }
        },
        "locations": [
          {
            "start": { "line": 53, "column": 4 },
            "end": { "line": 55, "column": 5 }
          }
        ]
      },
      "13": {
        "type": "branch",
        "line": 57,
        "loc": {
          "start": { "line": 57, "column": 4 },
          "end": { "line": 62, "column": 5 }
        },
        "locations": [
          {
            "start": { "line": 57, "column": 4 },
            "end": { "line": 62, "column": 5 }
          }
        ]
      },
      "14": {
        "type": "branch",
        "line": 58,
        "loc": {
          "start": { "line": 58, "column": 62 },
          "end": { "line": 58, "column": 68 }
        },
        "locations": [
          {
            "start": { "line": 58, "column": 62 },
            "end": { "line": 58, "column": 68 }
          }
        ]
      },
      "15": {
        "type": "branch",
        "line": 64,
        "loc": {
          "start": { "line": 64, "column": 4 },
          "end": { "line": 68, "column": 5 }
        },
        "locations": [
          {
            "start": { "line": 64, "column": 4 },
            "end": { "line": 68, "column": 5 }
          }
        ]
      },
      "16": {
        "type": "branch",
        "line": 70,
        "loc": {
          "start": { "line": 70, "column": 4 },
          "end": { "line": 72, "column": 5 }
        },
        "locations": [
          {
            "start": { "line": 70, "column": 4 },
            "end": { "line": 72, "column": 5 }
          }
        ]
      },
      "17": {
        "type": "branch",
        "line": 23,
        "loc": {
          "start": { "line": 23, "column": 24 },
          "end": { "line": 23, "column": 44 }
        },
        "locations": [
          {
            "start": { "line": 23, "column": 24 },
            "end": { "line": 23, "column": 44 }
          }
        ]
      },
      "18": {
        "type": "branch",
        "line": 41,
        "loc": {
          "start": { "line": 41, "column": 63 },
          "end": { "line": 41, "column": 90 }
        },
        "locations": [
          {
            "start": { "line": 41, "column": 63 },
            "end": { "line": 41, "column": 90 }
          }
        ]
      },
      "19": {
        "type": "branch",
        "line": 76,
        "loc": {
          "start": { "line": 76, "column": 0 },
          "end": { "line": 86, "column": 1 }
        },
        "locations": [
          {
            "start": { "line": 76, "column": 0 },
            "end": { "line": 86, "column": 1 }
          }
        ]
      },
      "20": {
        "type": "branch",
        "line": 79,
        "loc": {
          "start": { "line": 79, "column": 30 },
          "end": { "line": 81, "column": 12 }
        },
        "locations": [
          {
            "start": { "line": 79, "column": 30 },
            "end": { "line": 81, "column": 12 }
          }
        ]
      },
      "21": {
        "type": "branch",
        "line": 81,
        "loc": {
          "start": { "line": 81, "column": 2 },
          "end": { "line": 83, "column": 3 }
        },
        "locations": [
          {
            "start": { "line": 81, "column": 2 },
            "end": { "line": 83, "column": 3 }
          }
        ]
      },
      "22": {
        "type": "branch",
        "line": 81,
        "loc": {
          "start": { "line": 81, "column": 37 },
          "end": { "line": 83, "column": 3 }
        },
        "locations": [
          {
            "start": { "line": 81, "column": 37 },
            "end": { "line": 83, "column": 3 }
          }
        ]
      },
      "23": {
        "type": "branch",
        "line": 83,
        "loc": {
          "start": { "line": 83, "column": 2 },
          "end": { "line": 86, "column": 1 }
        },
        "locations": [
          {
            "start": { "line": 83, "column": 2 },
            "end": { "line": 86, "column": 1 }
          }
        ]
      },
      "24": {
        "type": "branch",
        "line": 88,
        "loc": {
          "start": { "line": 88, "column": 0 },
          "end": { "line": 111, "column": 1 }
        },
        "locations": [
          {
            "start": { "line": 88, "column": 0 },
            "end": { "line": 111, "column": 1 }
          }
        ]
      },
      "25": {
        "type": "branch",
        "line": 93,
        "loc": {
          "start": { "line": 93, "column": 25 },
          "end": { "line": 96, "column": 3 }
        },
        "locations": [
          {
            "start": { "line": 93, "column": 25 },
            "end": { "line": 96, "column": 3 }
          }
        ]
      },
      "26": {
        "type": "branch",
        "line": 96,
        "loc": {
          "start": { "line": 96, "column": 2 },
          "end": { "line": 111, "column": 1 }
        },
        "locations": [
          {
            "start": { "line": 96, "column": 2 },
            "end": { "line": 111, "column": 1 }
          }
        ]
      },
      "27": {
        "type": "branch",
        "line": 104,
        "loc": {
          "start": { "line": 104, "column": 45 },
          "end": { "line": 104, "column": 58 }
        },
        "locations": [
          {
            "start": { "line": 104, "column": 45 },
            "end": { "line": 104, "column": 58 }
          }
        ]
      },
      "28": {
        "type": "branch",
        "line": 122,
        "loc": {
          "start": { "line": 122, "column": 0 },
          "end": { "line": 148, "column": 1 }
        },
        "locations": [
          {
            "start": { "line": 122, "column": 0 },
            "end": { "line": 148, "column": 1 }
          }
        ]
      },
      "29": {
        "type": "branch",
        "line": 126,
        "loc": {
          "start": { "line": 126, "column": 26 },
          "end": { "line": 130, "column": 3 }
        },
        "locations": [
          {
            "start": { "line": 126, "column": 26 },
            "end": { "line": 130, "column": 3 }
          }
        ]
      },
      "30": {
        "type": "branch",
        "line": 130,
        "loc": {
          "start": { "line": 130, "column": 2 },
          "end": { "line": 132, "column": 46 }
        },
        "locations": [
          {
            "start": { "line": 130, "column": 2 },
            "end": { "line": 132, "column": 46 }
          }
        ]
      },
      "31": {
        "type": "branch",
        "line": 132,
        "loc": {
          "start": { "line": 132, "column": 46 },
          "end": { "line": 145, "column": 3 }
        },
        "locations": [
          {
            "start": { "line": 132, "column": 46 },
            "end": { "line": 145, "column": 3 }
          }
        ]
      },
      "32": {
        "type": "branch",
        "line": 135,
        "loc": {
          "start": { "line": 135, "column": 33 },
          "end": { "line": 144, "column": 5 }
        },
        "locations": [
          {
            "start": { "line": 135, "column": 33 },
            "end": { "line": 144, "column": 5 }
          }
        ]
      },
      "33": {
        "type": "branch",
        "line": 138,
        "loc": {
          "start": { "line": 138, "column": 55 },
          "end": { "line": 138, "column": 98 }
        },
        "locations": [
          {
            "start": { "line": 138, "column": 55 },
            "end": { "line": 138, "column": 98 }
          }
        ]
      },
      "34": {
        "type": "branch",
        "line": 138,
        "loc": {
          "start": { "line": 138, "column": 86 },
          "end": { "line": 138, "column": 125 }
        },
        "locations": [
          {
            "start": { "line": 138, "column": 86 },
            "end": { "line": 138, "column": 125 }
          }
        ]
      },
      "35": {
        "type": "branch",
        "line": 138,
        "loc": {
          "start": { "line": 138, "column": 114 },
          "end": { "line": 138, "column": 154 }
        },
        "locations": [
          {
            "start": { "line": 138, "column": 114 },
            "end": { "line": 138, "column": 154 }
          }
        ]
      },
      "36": {
        "type": "branch",
        "line": 138,
        "loc": {
          "start": { "line": 138, "column": 154 },
          "end": { "line": 141, "column": 16 }
        },
        "locations": [
          {
            "start": { "line": 138, "column": 154 },
            "end": { "line": 141, "column": 16 }
          }
        ]
      },
      "37": {
        "type": "branch",
        "line": 141,
        "loc": {
          "start": { "line": 141, "column": 6 },
          "end": { "line": 143, "column": 7 }
        },
        "locations": [
          {
            "start": { "line": 141, "column": 6 },
            "end": { "line": 143, "column": 7 }
          }
        ]
      },
      "38": {
        "type": "branch",
        "line": 141,
        "loc": {
          "start": { "line": 141, "column": 45 },
          "end": { "line": 143, "column": 7 }
        },
        "locations": [
          {
            "start": { "line": 141, "column": 45 },
            "end": { "line": 143, "column": 7 }
          }
        ]
      },
      "39": {
        "type": "branch",
        "line": 145,
        "loc": {
          "start": { "line": 145, "column": 2 },
          "end": { "line": 148, "column": 1 }
        },
        "locations": [
          {
            "start": { "line": 145, "column": 2 },
            "end": { "line": 148, "column": 1 }
          }
        ]
      }
    },
    "b": {
      "0": [248],
      "1": [1],
      "2": [1],
      "3": [19],
      "4": [129],
      "5": [96],
      "6": [33],
      "7": [2],
      "8": [25],
      "9": [42],
      "10": [29],
      "11": [7],
      "12": [3],
      "13": [6],
      "14": [0],
      "15": [11],
      "16": [2],
      "17": [16889],
      "18": [149],
      "19": [248],
      "20": [49],
      "21": [199],
      "22": [1],
      "23": [198],
      "24": [8],
      "25": [1],
      "26": [7],
      "27": [0],
      "28": [8],
      "29": [1],
      "30": [7],
      "31": [36],
      "32": [30],
      "33": [29],
      "34": [24],
      "35": [20],
      "36": [20],
      "37": [10],
      "38": [9],
      "39": [7]
    },
    "fnMap": {
      "0": {
        "name": "matchArbitrary",
        "decl": {
          "start": { "line": 4, "column": 0 },
          "end": { "line": 74, "column": 1 }
        },
        "loc": {
          "start": { "line": 4, "column": 0 },
          "end": { "line": 74, "column": 1 }
        },
        "line": 4
      },
      "1": {
        "name": "inputOf",
        "decl": {
          "start": { "line": 76, "column": 0 },
          "end": { "line": 86, "column": 1 }
        },
        "loc": {
          "start": { "line": 76, "column": 0 },
          "end": { "line": 86, "column": 1 }
        },
        "line": 76
      },
      "2": {
        "name": "__guessTupleLength",
        "decl": {
          "start": { "line": 88, "column": 0 },
          "end": { "line": 111, "column": 1 }
        },
        "loc": {
          "start": { "line": 88, "column": 0 },
          "end": { "line": 111, "column": 1 }
        },
        "line": 88
      },
      "3": {
        "name": "__guessTupleTypes",
        "decl": {
          "start": { "line": 122, "column": 0 },
          "end": { "line": 148, "column": 1 }
        },
        "loc": {
          "start": { "line": 122, "column": 0 },
          "end": { "line": 148, "column": 1 }
        },
        "line": 122
      }
    },
    "f": { "0": 248, "1": 248, "2": 8, "3": 8 }
  }
}
